<?xml version="1.0" encoding="UTF-8"?>
<!-- Generated by org.testng.reporters.JUnitReportReporter -->
<testsuite hostname="LAPTOP-8GM7S38Q" failures="0" tests="4" name="api.tests.UserTests" time="10.843" errors="0" timestamp="2024-04-01T17:19:02 IST" skipped="0">
  <testcase classname="api.tests.UserTests" name="testCreateUser" time="3.277"/>
  <testcase classname="api.tests.UserTests" name="testRetrieveUser" time="1.380"/>
  <testcase classname="api.tests.UserTests" name="testUpdateUser" time="2.782"/>
  <testcase classname="api.tests.UserTests" name="testDeleteUser" time="3.404"/>
</testsuite> <!-- api.tests.UserTests -->
