<?xml version="1.0" encoding="UTF-8"?>
<!-- Generated by org.testng.reporters.JUnitReportReporter -->
<testsuite hostname="LAPTOP-8GM7S38Q" failures="0" tests="4" name="api.tests.UserTests" time="11.446" errors="0" timestamp="2024-04-01T17:22:31 IST" skipped="0">
  <testcase classname="api.tests.UserTests" name="testCreateUser" time="3.798"/>
  <testcase classname="api.tests.UserTests" name="testRetrieveUser" time="1.413"/>
  <testcase classname="api.tests.UserTests" name="testUpdateUser" time="3.464"/>
  <testcase classname="api.tests.UserTests" name="testDeleteUser" time="2.771"/>
</testsuite> <!-- api.tests.UserTests -->
